<?xml version="1.0" encoding="UTF-8"?>
<testng-results skipped="0" failed="0" total="1" passed="1">
  <reporter-output>
  </reporter-output>
  <suite name="test.java.NewTest" duration-ms="2035" started-at="2015-03-18T12:06:43Z" finished-at="2015-03-18T12:06:45Z">
    <groups>
    </groups>
    <test name="Command line test" duration-ms="2035" started-at="2015-03-18T12:06:43Z" finished-at="2015-03-18T12:06:45Z">
      <class name="test.java.NewTest">
        <test-method status="PASS" signature="beforeMethod()[pri:0, instance:test.java.NewTest@51081592]" name="beforeMethod" is-config="true" duration-ms="1861" started-at="2015-03-18T17:36:43Z" finished-at="2015-03-18T17:36:44Z">
          <reporter-output>
          </reporter-output>
        </test-method> <!-- beforeMethod -->
        <test-method status="PASS" signature="TestA()[pri:0, instance:test.java.NewTest@51081592]" name="TestA" duration-ms="160" started-at="2015-03-18T17:36:44Z" finished-at="2015-03-18T17:36:45Z">
          <reporter-output>
          </reporter-output>
        </test-method> <!-- TestA -->
        <test-method status="PASS" signature="afterMethod()[pri:0, instance:test.java.NewTest@51081592]" name="afterMethod" is-config="true" duration-ms="2" started-at="2015-03-18T17:36:45Z" finished-at="2015-03-18T17:36:45Z">
          <reporter-output>
          </reporter-output>
        </test-method> <!-- afterMethod -->
      </class> <!-- test.java.NewTest -->
    </test> <!-- Command line test -->
  </suite> <!-- test.java.NewTest -->
</testng-results>
